# JRE version: Java(TM) SE Runtime Environment (8.0_202-b08) (build 1.8.0_202-b08)
# Java VM: Java HotSpot(TM) 64-Bit Server VM (25.202-b08 mixed mode windows-amd64 compressed oops)
Heap:
 PSYoungGen      total 556544K, used 204248K [0x00000000d5f00000, 0x00000000fbe00000, 0x0000000100000000)
  eden space 531456K, 33% used [0x00000000d5f00000,0x00000000e0e5dee8,0x00000000f6600000)
  from space 25088K, 98% used [0x00000000f7e00000,0x00000000f96183f0,0x00000000f9680000)
  to   space 40448K, 0% used [0x00000000f9680000,0x00000000f9680000,0x00000000fbe00000)
 ParOldGen       total 135168K, used 85320K [0x0000000081c00000, 0x000000008a000000, 0x00000000d5f00000)
  object space 135168K, 63% used [0x0000000081c00000,0x0000000086f523d0,0x000000008a000000)
 Metaspace       used 78323K, capacity 80034K, committed 80276K, reserved 1118208K
  class space    used 10652K, capacity 11041K, committed 11156K, reserved 1048576K
GC Heap History (10 events):
Event: 1764.102 GC heap before
{Heap before GC invocations=29 (full 5):
 PSYoungGen      total 621056K, used 621043K [0x00000000d5f00000, 0x00000000ff280000, 0x0000000100000000)
  eden space 580096K, 100% used [0x00000000d5f00000,0x00000000f9580000,0x00000000f9580000)
  from space 40960K, 99% used [0x00000000fb000000,0x00000000fd7fcc20,0x00000000fd800000)
  to   space 27136K, 0% used [0x00000000fd800000,0x00000000fd800000,0x00000000ff280000)
 ParOldGen       total 135168K, used 74953K [0x0000000081c00000, 0x000000008a000000, 0x00000000d5f00000)
  object space 135168K, 55% used [0x0000000081c00000,0x0000000086532558,0x000000008a000000)
 Metaspace       used 75899K, capacity 77462K, committed 77716K, reserved 1116160K
  class space    used 10403K, capacity 10794K, committed 10900K, reserved 1048576K
Event: 1764.116 GC heap after
Heap after GC invocations=29 (full 5):
 PSYoungGen      total 581120K, used 27106K [0x00000000d5f00000, 0x00000000ff280000, 0x0000000100000000)
  eden space 553984K, 0% used [0x00000000d5f00000,0x00000000d5f00000,0x00000000f7c00000)
  from space 27136K, 99% used [0x00000000fd800000,0x00000000ff278ac0,0x00000000ff280000)
  to   space 51712K, 0% used [0x00000000f8d80000,0x00000000f8d80000,0x00000000fc000000)
 ParOldGen       total 135168K, used 88630K [0x0000000081c00000, 0x000000008a000000, 0x00000000d5f00000)
  object space 135168K, 65% used [0x0000000081c00000,0x000000008728db80,0x000000008a000000)
 Metaspace       used 75899K, capacity 77462K, committed 77716K, reserved 1116160K
  class space    used 10403K, capacity 10794K, committed 10900K, reserved 1048576K
}
Event: 2132.318 GC heap before
{Heap before GC invocations=30 (full 5):
 PSYoungGen      total 581120K, used 494757K [0x00000000d5f00000, 0x00000000ff280000, 0x0000000100000000)
  eden space 553984K, 84% used [0x00000000d5f00000,0x00000000f27b0d10,0x00000000f7c00000)
  from space 27136K, 99% used [0x00000000fd800000,0x00000000ff278ac0,0x00000000ff280000)
  to   space 51712K, 0% used [0x00000000f8d80000,0x00000000f8d80000,0x00000000fc000000)
 ParOldGen       total 135168K, used 88630K [0x0000000081c00000, 0x000000008a000000, 0x00000000d5f00000)
  object space 135168K, 65% used [0x0000000081c00000,0x000000008728db80,0x000000008a000000)
 Metaspace       used 75915K, capacity 77468K, committed 77716K, reserved 1116160K
  class space    used 10406K, capacity 10796K, committed 10900K, reserved 1048576K
Event: 2132.331 GC heap after
Heap after GC invocations=30 (full 5):
 PSYoungGen      total 578560K, used 24268K [0x00000000d5f00000, 0x00000000fdc00000, 0x0000000100000000)
  eden space 553984K, 0% used [0x00000000d5f00000,0x00000000d5f00000,0x00000000f7c00000)
  from space 24576K, 98% used [0x00000000f8d80000,0x00000000fa533100,0x00000000fa580000)
  to   space 49152K, 0% used [0x00000000fac00000,0x00000000fac00000,0x00000000fdc00000)
 ParOldGen       total 135168K, used 91335K [0x0000000081c00000, 0x000000008a000000, 0x00000000d5f00000)
  object space 135168K, 67% used [0x0000000081c00000,0x0000000087531c70,0x000000008a000000)
 Metaspace       used 75915K, capacity 77468K, committed 77716K, reserved 1116160K
  class space    used 10406K, capacity 10796K, committed 10900K, reserved 1048576K
}
Event: 2132.331 GC heap before
{Heap before GC invocations=31 (full 6):
 PSYoungGen      total 578560K, used 24268K [0x00000000d5f00000, 0x00000000fdc00000, 0x0000000100000000)
  eden space 553984K, 0% used [0x00000000d5f00000,0x00000000d5f00000,0x00000000f7c00000)
  from space 24576K, 98% used [0x00000000f8d80000,0x00000000fa533100,0x00000000fa580000)
  to   space 49152K, 0% used [0x00000000fac00000,0x00000000fac00000,0x00000000fdc00000)
 ParOldGen       total 135168K, used 91335K [0x0000000081c00000, 0x000000008a000000, 0x00000000d5f00000)
  object space 135168K, 67% used [0x0000000081c00000,0x0000000087531c70,0x000000008a000000)
 Metaspace       used 75915K, capacity 77468K, committed 77716K, reserved 1116160K
  class space    used 10406K, capacity 10796K, committed 10900K, reserved 1048576K
Event: 2132.575 GC heap after
Heap after GC invocations=31 (full 6):
 PSYoungGen      total 578560K, used 0K [0x00000000d5f00000, 0x00000000fdc00000, 0x0000000100000000)
  eden space 553984K, 0% used [0x00000000d5f00000,0x00000000d5f00000,0x00000000f7c00000)
  from space 24576K, 0% used [0x00000000f8d80000,0x00000000f8d80000,0x00000000fa580000)
  to   space 49152K, 0% used [0x00000000fac00000,0x00000000fac00000,0x00000000fdc00000)
 ParOldGen       total 135168K, used 85304K [0x0000000081c00000, 0x000000008a000000, 0x00000000d5f00000)
  object space 135168K, 63% used [0x0000000081c00000,0x0000000086f4e3d0,0x000000008a000000)
 Metaspace       used 75546K, capacity 76880K, committed 77716K, reserved 1116160K
  class space    used 10348K, capacity 10691K, committed 10900K, reserved 1048576K
}
Event: 2135.876 GC heap before
{Heap before GC invocations=32 (full 6):
 PSYoungGen      total 578560K, used 553984K [0x00000000d5f00000, 0x00000000fdc00000, 0x0000000100000000)
  eden space 553984K, 100% used [0x00000000d5f00000,0x00000000f7c00000,0x00000000f7c00000)
  from space 24576K, 0% used [0x00000000f8d80000,0x00000000f8d80000,0x00000000fa580000)
  to   space 49152K, 0% used [0x00000000fac00000,0x00000000fac00000,0x00000000fdc00000)
 ParOldGen       total 135168K, used 85304K [0x0000000081c00000, 0x000000008a000000, 0x00000000d5f00000)
  object space 135168K, 63% used [0x0000000081c00000,0x0000000086f4e3d0,0x000000008a000000)
 Metaspace       used 76270K, capacity 77614K, committed 78228K, reserved 1116160K
  class space    used 10419K, capacity 10764K, committed 10900K, reserved 1048576K
Event: 2135.892 GC heap after
Heap after GC invocations=32 (full 6):
 PSYoungGen      total 605184K, used 21314K [0x00000000d5f00000, 0x00000000fee00000, 0x0000000100000000)
  eden space 556032K, 0% used [0x00000000d5f00000,0x00000000d5f00000,0x00000000f7e00000)
  from space 49152K, 43% used [0x00000000fac00000,0x00000000fc0d0940,0x00000000fdc00000)
  to   space 47104K, 0% used [0x00000000f7e00000,0x00000000f7e00000,0x00000000fac00000)
 ParOldGen       total 135168K, used 85312K [0x0000000081c00000, 0x000000008a000000, 0x00000000d5f00000)
  object space 135168K, 63% used [0x0000000081c00000,0x0000000086f503d0,0x000000008a000000)
 Metaspace       used 76270K, capacity 77614K, committed 78228K, reserved 1116160K
  class space    used 10419K, capacity 10764K, committed 10900K, reserved 1048576K
}
Event: 2322.184 GC heap before
{Heap before GC invocations=33 (full 6):
 PSYoungGen      total 605184K, used 577346K [0x00000000d5f00000, 0x00000000fee00000, 0x0000000100000000)
  eden space 556032K, 100% used [0x00000000d5f00000,0x00000000f7e00000,0x00000000f7e00000)
  from space 49152K, 43% used [0x00000000fac00000,0x00000000fc0d0940,0x00000000fdc00000)
  to   space 47104K, 0% used [0x00000000f7e00000,0x00000000f7e00000,0x00000000fac00000)
 ParOldGen       total 135168K, used 85312K [0x0000000081c00000, 0x000000008a000000, 0x00000000d5f00000)
  object space 135168K, 63% used [0x0000000081c00000,0x0000000086f503d0,0x000000008a000000)
 Metaspace       used 78166K, capacity 79900K, committed 80276K, reserved 1118208K
  class space    used 10626K, capacity 11040K, committed 11156K, reserved 1048576K
Event: 2322.196 GC heap after
Heap after GC invocations=33 (full 6):
 PSYoungGen      total 556544K, used 24672K [0x00000000d5f00000, 0x00000000fbe00000, 0x0000000100000000)
  eden space 531456K, 0% used [0x00000000d5f00000,0x00000000d5f00000,0x00000000f6600000)
  from space 25088K, 98% used [0x00000000f7e00000,0x00000000f96183f0,0x00000000f9680000)
  to   space 40448K, 0% used [0x00000000f9680000,0x00000000f9680000,0x00000000fbe00000)
 ParOldGen       total 135168K, used 85320K [0x0000000081c00000, 0x000000008a000000, 0x00000000d5f00000)
  object space 135168K, 63% used [0x0000000081c00000,0x0000000086f523d0,0x000000008a000000)
 Metaspace       used 78166K, capacity 79900K, committed 80276K, reserved 1118208K
  class space    used 10626K, capacity 11040K, committed 11156K, reserved 1048576K
}

